# JRE version: OpenJDK Runtime Environment Zulu21.40+17-CA (21.0.6+7) (build 21.0.6+7-LTS)
# Java VM: OpenJDK 64-Bit Server VM Zulu21.40+17-CA (21.0.6+7-LTS, mixed mode, sharing, tiered, compressed oops, compressed class ptrs, g1 gc, windows-amd64)
GC Precious Log:
 CardTable entry size: 512
 Card Set container configuration: InlinePtr #cards 5 size 8 Array Of Cards #cards 12 size 40 Howl #buckets 4 coarsen threshold 1843 Howl Bitmap #cards 512 size 80 coarsen threshold 460 Card regions per heap region 1 cards per card region 2048
 CPUs: 4 total, 4 available
 Memory: 3964M
 Large Page Support: Disabled
 NUMA Support: Disabled
 Compressed Oops: Enabled (32-bit)
 Heap Region Size: 1M
 Heap Min Capacity: 8M
 Heap Initial Capacity: 62M
 Heap Max Capacity: 992M
 Pre-touch: Disabled
 Parallel Workers: 4
 Concurrent Workers: 1
 Concurrent Refinement Workers: 4
 Periodic GC: Disabled
Heap:
 garbage-first heap   total 63488K, used 34277K [0x00000000c2000000, 0x0000000100000000)
  region size 1024K, 23 young (23552K), 3 survivors (3072K)
 Metaspace       used 16800K, committed 17088K, reserved 1114112K
  class space    used 1854K, committed 1984K, reserved 1048576K
GC Heap History (10 events):
Event: 6.702 GC heap before
{Heap before GC invocations=0 (full 0):
 garbage-first heap   total 63488K, used 13312K [0x00000000c2000000, 0x0000000100000000)
  region size 1024K, 13 young (13312K), 0 survivors (0K)
 Metaspace       used 3948K, committed 4160K, reserved 1114112K
  class space    used 393K, committed 512K, reserved 1048576K
}
Event: 6.728 GC heap after
{Heap after GC invocations=1 (full 0):
 garbage-first heap   total 63488K, used 3328K [0x00000000c2000000, 0x0000000100000000)
  region size 1024K, 2 young (2048K), 2 survivors (2048K)
 Metaspace       used 3948K, committed 4160K, reserved 1114112K
  class space    used 393K, committed 512K, reserved 1048576K
}
Event: 8.422 GC heap before
{Heap before GC invocations=1 (full 0):
 garbage-first heap   total 63488K, used 19712K [0x00000000c2000000, 0x0000000100000000)
  region size 1024K, 18 young (18432K), 2 survivors (2048K)
 Metaspace       used 6595K, committed 6784K, reserved 1114112K
  class space    used 737K, committed 832K, reserved 1048576K
}
Event: 8.440 GC heap after
{Heap after GC invocations=2 (full 0):
 garbage-first heap   total 63488K, used 4161K [0x00000000c2000000, 0x0000000100000000)
  region size 1024K, 1 young (1024K), 1 survivors (1024K)
 Metaspace       used 6595K, committed 6784K, reserved 1114112K
  class space    used 737K, committed 832K, reserved 1048576K
}
Event: 10.657 GC heap before
{Heap before GC invocations=2 (full 0):
 garbage-first heap   total 63488K, used 40001K [0x00000000c2000000, 0x0000000100000000)
  region size 1024K, 37 young (37888K), 1 survivors (1024K)
 Metaspace       used 12974K, committed 13184K, reserved 1114112K
  class space    used 1523K, committed 1600K, reserved 1048576K
}
Event: 10.670 GC heap after
{Heap after GC invocations=3 (full 0):
 garbage-first heap   total 63488K, used 6769K [0x00000000c2000000, 0x0000000100000000)
  region size 1024K, 4 young (4096K), 4 survivors (4096K)
 Metaspace       used 12974K, committed 13184K, reserved 1114112K
  class space    used 1523K, committed 1600K, reserved 1048576K
}
Event: 13.904 GC heap before
{Heap before GC invocations=3 (full 0):
 garbage-first heap   total 63488K, used 40561K [0x00000000c2000000, 0x0000000100000000)
  region size 1024K, 37 young (37888K), 4 survivors (4096K)
 Metaspace       used 16066K, committed 16320K, reserved 1114112K
  class space    used 1821K, committed 1920K, reserved 1048576K
}
Event: 13.930 GC heap after
{Heap after GC invocations=4 (full 0):
 garbage-first heap   total 63488K, used 11405K [0x00000000c2000000, 0x0000000100000000)
  region size 1024K, 5 young (5120K), 5 survivors (5120K)
 Metaspace       used 16066K, committed 16320K, reserved 1114112K
  class space    used 1821K, committed 1920K, reserved 1048576K
}
Event: 15.154 GC heap before
{Heap before GC invocations=4 (full 0):
 garbage-first heap   total 63488K, used 44173K [0x00000000c2000000, 0x0000000100000000)
  region size 1024K, 37 young (37888K), 5 survivors (5120K)
 Metaspace       used 16469K, committed 16704K, reserved 1114112K
  class space    used 1843K, committed 1984K, reserved 1048576K
}
Event: 15.174 GC heap after
{Heap after GC invocations=5 (full 0):
 garbage-first heap   total 63488K, used 14821K [0x00000000c2000000, 0x0000000100000000)
  region size 1024K, 3 young (3072K), 3 survivors (3072K)
 Metaspace       used 16469K, committed 16704K, reserved 1114112K
  class space    used 1843K, committed 1984K, reserved 1048576K
}

